<?xml version="1.0" encoding="UTF-8"?>
<testsuite xmlns:xsi="http://www.w3.org/2001/XMLSchema-instance" xsi:noNamespaceSchemaLocation="https://maven.apache.org/surefire/maven-surefire-plugin/xsd/surefire-test-report-3.0.xsd" version="3.0" name="com.office.library.DatabaseConnectionTest" time="1.129" tests="1" errors="0" skipped="0" failures="0">
  <properties>
[...]
</properties>
  <testcase name="testDatabaseConnection" classname="com.office.library.DatabaseConnectionTest" time="0.187">
    <system-out><![CDATA[2024-11-01 17:25:21 [main] DEBUG org.springframework.test.context.junit4.SpringJUnit4ClassRunner - SpringJUnit4ClassRunner constructor called with [class com.office.library.DatabaseConnectionTest]
2024-11-01 17:25:21 [main] DEBUG org.springframework.test.context.BootstrapUtils - Instantiating CacheAwareContextLoaderDelegate from class [org.springframework.test.context.cache.DefaultCacheAwareContextLoaderDelegate]
2024-11-01 17:25:22 [main] DEBUG org.springframework.test.context.BootstrapUtils - Instantiating BootstrapContext using constructor [public org.springframework.test.context.support.DefaultBootstrapContext(java.lang.Class,org.springframework.test.context.CacheAwareContextLoaderDelegate)]
2024-11-01 17:25:22 [main] DEBUG org.springframework.test.context.BootstrapUtils - Instantiating TestContextBootstrapper for test class [com.office.library.DatabaseConnectionTest] from class [org.springframework.test.context.support.DefaultTestContextBootstrapper]
2024-11-01 17:25:22 [main] DEBUG org.springframework.test.context.support.AbstractDelegatingSmartContextLoader - Delegating to GenericXmlContextLoader to process context configuration [ContextConfigurationAttributes@740d2e78 declaringClass = 'com.office.library.DatabaseConnectionTest', classes = '{}', locations = '{file:src/main/webapp/WEB-INF/spring/jdbc-context.xml}', inheritLocations = true, initializers = '{}', inheritInitializers = true, name = [null], contextLoaderClass = 'org.springframework.test.context.ContextLoader'].
2024-11-01 17:25:22 [main] DEBUG org.springframework.test.context.support.ActiveProfilesUtils - Could not find an 'annotation declaring class' for annotation type [org.springframework.test.context.ActiveProfiles] and class [com.office.library.DatabaseConnectionTest]
2024-11-01 17:25:22 [main] DEBUG org.springframework.test.context.support.DefaultTestContextBootstrapper - @TestExecutionListeners is not present for class [com.office.library.DatabaseConnectionTest]: using defaults.
2024-11-01 17:25:22 [main] INFO  org.springframework.test.context.support.DefaultTestContextBootstrapper - Loaded default TestExecutionListener class names from location [META-INF/spring.factories]: [org.springframework.test.context.web.ServletTestExecutionListener, org.springframework.test.context.support.DirtiesContextBeforeModesTestExecutionListener, org.springframework.test.context.event.ApplicationEventsTestExecutionListener, org.springframework.test.context.support.DependencyInjectionTestExecutionListener, org.springframework.test.context.support.DirtiesContextTestExecutionListener, org.springframework.test.context.transaction.TransactionalTestExecutionListener, org.springframework.test.context.jdbc.SqlScriptsTestExecutionListener, org.springframework.test.context.event.EventPublishingTestExecutionListener]
2024-11-01 17:25:22 [main] INFO  org.springframework.test.context.support.DefaultTestContextBootstrapper - Using TestExecutionListeners: [org.springframework.test.context.web.ServletTestExecutionListener@2fc6f97f, org.springframework.test.context.support.DirtiesContextBeforeModesTestExecutionListener@3d2ee678, org.springframework.test.context.event.ApplicationEventsTestExecutionListener@6179e425, org.springframework.test.context.support.DependencyInjectionTestExecutionListener@35f26e72, org.springframework.test.context.support.DirtiesContextTestExecutionListener@2d6764b2, org.springframework.test.context.transaction.TransactionalTestExecutionListener@67304a40, org.springframework.test.context.jdbc.SqlScriptsTestExecutionListener@49c6c24f, org.springframework.test.context.event.EventPublishingTestExecutionListener@6fe1b4fb]
2024-11-01 17:25:22 [main] DEBUG org.springframework.test.annotation.ProfileValueUtils - Retrieved @ProfileValueSourceConfiguration [null] for test class [com.office.library.DatabaseConnectionTest]
2024-11-01 17:25:22 [main] DEBUG org.springframework.test.annotation.ProfileValueUtils - Retrieved ProfileValueSource type [class org.springframework.test.annotation.SystemProfileValueSource] for class [com.office.library.DatabaseConnectionTest]
2024-11-01 17:25:22 [main] DEBUG org.springframework.test.annotation.ProfileValueUtils - Retrieved @ProfileValueSourceConfiguration [null] for test class [com.office.library.DatabaseConnectionTest]
2024-11-01 17:25:22 [main] DEBUG org.springframework.test.annotation.ProfileValueUtils - Retrieved ProfileValueSource type [class org.springframework.test.annotation.SystemProfileValueSource] for class [com.office.library.DatabaseConnectionTest]
2024-11-01 17:25:22 [main] DEBUG org.springframework.test.annotation.ProfileValueUtils - Retrieved @ProfileValueSourceConfiguration [null] for test class [com.office.library.DatabaseConnectionTest]
2024-11-01 17:25:22 [main] DEBUG org.springframework.test.annotation.ProfileValueUtils - Retrieved ProfileValueSource type [class org.springframework.test.annotation.SystemProfileValueSource] for class [com.office.library.DatabaseConnectionTest]
2024-11-01 17:25:22 [main] DEBUG org.springframework.test.annotation.ProfileValueUtils - Retrieved @ProfileValueSourceConfiguration [null] for test class [com.office.library.DatabaseConnectionTest]
2024-11-01 17:25:22 [main] DEBUG org.springframework.test.annotation.ProfileValueUtils - Retrieved ProfileValueSource type [class org.springframework.test.annotation.SystemProfileValueSource] for class [com.office.library.DatabaseConnectionTest]
2024-11-01 17:25:22 [main] DEBUG org.springframework.test.annotation.ProfileValueUtils - Retrieved @ProfileValueSourceConfiguration [null] for test class [com.office.library.DatabaseConnectionTest]
2024-11-01 17:25:22 [main] DEBUG org.springframework.test.annotation.ProfileValueUtils - Retrieved ProfileValueSource type [class org.springframework.test.annotation.SystemProfileValueSource] for class [com.office.library.DatabaseConnectionTest]
2024-11-01 17:25:22 [main] DEBUG org.springframework.test.context.support.AbstractDirtiesContextTestExecutionListener - Before test class: context [DefaultTestContext@1cdc4c27 testClass = DatabaseConnectionTest, testInstance = [null], testMethod = [null], testException = [null], mergedContextConfiguration = [MergedContextConfiguration@77b14724 testClass = DatabaseConnectionTest, locations = '{file:src/main/webapp/WEB-INF/spring/jdbc-context.xml}', classes = '{}', contextInitializerClasses = '[]', activeProfiles = '{}', propertySourceLocations = '{}', propertySourceProperties = '{}', contextCustomizers = set[[empty]], contextLoader = 'org.springframework.test.context.support.DelegatingSmartContextLoader', parent = [null]], attributes = map[[empty]]], class annotated with @DirtiesContext [false] with mode [null].
2024-11-01 17:25:22 [main] DEBUG org.springframework.test.annotation.ProfileValueUtils - Retrieved @ProfileValueSourceConfiguration [null] for test class [com.office.library.DatabaseConnectionTest]
2024-11-01 17:25:22 [main] DEBUG org.springframework.test.annotation.ProfileValueUtils - Retrieved ProfileValueSource type [class org.springframework.test.annotation.SystemProfileValueSource] for class [com.office.library.DatabaseConnectionTest]
2024-11-01 17:25:22 [main] DEBUG org.springframework.test.context.support.DependencyInjectionTestExecutionListener - Performing dependency injection for test context [[DefaultTestContext@1cdc4c27 testClass = DatabaseConnectionTest, testInstance = com.office.library.DatabaseConnectionTest@9ef8eb7, testMethod = [null], testException = [null], mergedContextConfiguration = [MergedContextConfiguration@77b14724 testClass = DatabaseConnectionTest, locations = '{file:src/main/webapp/WEB-INF/spring/jdbc-context.xml}', classes = '{}', contextInitializerClasses = '[]', activeProfiles = '{}', propertySourceLocations = '{}', propertySourceProperties = '{}', contextCustomizers = set[[empty]], contextLoader = 'org.springframework.test.context.support.DelegatingSmartContextLoader', parent = [null]], attributes = map['org.springframework.test.context.event.ApplicationEventsTestExecutionListener.recordApplicationEvents' -> false]]].
2024-11-01 17:25:22 [main] DEBUG org.springframework.test.context.support.AbstractDelegatingSmartContextLoader - Delegating to GenericXmlContextLoader to load context from [MergedContextConfiguration@77b14724 testClass = DatabaseConnectionTest, locations = '{file:src/main/webapp/WEB-INF/spring/jdbc-context.xml}', classes = '{}', contextInitializerClasses = '[]', activeProfiles = '{}', propertySourceLocations = '{}', propertySourceProperties = '{}', contextCustomizers = set[[empty]], contextLoader = 'org.springframework.test.context.support.DelegatingSmartContextLoader', parent = [null]].
2024-11-01 17:25:22 [main] DEBUG org.springframework.test.context.support.AbstractGenericContextLoader - Loading ApplicationContext for merged context configuration [[MergedContextConfiguration@77b14724 testClass = DatabaseConnectionTest, locations = '{file:src/main/webapp/WEB-INF/spring/jdbc-context.xml}', classes = '{}', contextInitializerClasses = '[]', activeProfiles = '{}', propertySourceLocations = '{}', propertySourceProperties = '{}', contextCustomizers = set[[empty]], contextLoader = 'org.springframework.test.context.support.DelegatingSmartContextLoader', parent = [null]]].
2024-11-01 17:25:22 [main] DEBUG org.springframework.core.env.StandardEnvironment - Activating profiles []
2024-11-01 17:25:22 [main] DEBUG org.springframework.beans.factory.xml.XmlBeanDefinitionReader - Loaded 3 bean definitions from URL [file:src/main/webapp/WEB-INF/spring/jdbc-context.xml]
2024-11-01 17:25:22 [main] DEBUG org.springframework.context.support.GenericApplicationContext - Refreshing org.springframework.context.support.GenericApplicationContext@2c5529ab
2024-11-01 17:25:22 [main] DEBUG org.springframework.beans.factory.support.DefaultListableBeanFactory - Creating shared instance of singleton bean 'org.springframework.context.annotation.internalConfigurationAnnotationProcessor'
2024-11-01 17:25:22 [main] DEBUG org.springframework.beans.factory.support.DefaultListableBeanFactory - Creating shared instance of singleton bean 'org.springframework.context.event.internalEventListenerProcessor'
2024-11-01 17:25:22 [main] DEBUG org.springframework.beans.factory.support.DefaultListableBeanFactory - Creating shared instance of singleton bean 'org.springframework.context.event.internalEventListenerFactory'
2024-11-01 17:25:22 [main] DEBUG org.springframework.beans.factory.support.DefaultListableBeanFactory - Creating shared instance of singleton bean 'org.springframework.context.annotation.internalAutowiredAnnotationProcessor'
2024-11-01 17:25:22 [main] DEBUG org.springframework.beans.factory.support.DefaultListableBeanFactory - Creating shared instance of singleton bean 'dataSource'
2024-11-01 17:25:22 [main] DEBUG org.springframework.jdbc.datasource.DriverManagerDataSource - Loaded JDBC driver: org.mariadb.jdbc.Driver
2024-11-01 17:25:22 [main] DEBUG org.springframework.beans.factory.support.DefaultListableBeanFactory - Creating shared instance of singleton bean 'jdbcTemplate'
2024-11-01 17:25:22 [main] DEBUG org.springframework.beans.factory.support.DefaultListableBeanFactory - Creating shared instance of singleton bean 'transactionManager'
2024-11-01 17:25:22 [main] DEBUG org.springframework.test.context.cache.DefaultCacheAwareContextLoaderDelegate - Storing ApplicationContext [743778731] in cache under key [[MergedContextConfiguration@77b14724 testClass = DatabaseConnectionTest, locations = '{file:src/main/webapp/WEB-INF/spring/jdbc-context.xml}', classes = '{}', contextInitializerClasses = '[]', activeProfiles = '{}', propertySourceLocations = '{}', propertySourceProperties = '{}', contextCustomizers = set[[empty]], contextLoader = 'org.springframework.test.context.support.DelegatingSmartContextLoader', parent = [null]]]
2024-11-01 17:25:22 [main] DEBUG org.springframework.test.context.cache - Spring test ApplicationContext cache statistics: [DefaultContextCache@4b4dd216 size = 1, maxSize = 32, parentContextCount = 0, hitCount = 0, missCount = 1]
2024-11-01 17:25:22 [main] DEBUG org.springframework.test.context.cache.DefaultCacheAwareContextLoaderDelegate - Retrieved ApplicationContext [743778731] from cache with key [[MergedContextConfiguration@77b14724 testClass = DatabaseConnectionTest, locations = '{file:src/main/webapp/WEB-INF/spring/jdbc-context.xml}', classes = '{}', contextInitializerClasses = '[]', activeProfiles = '{}', propertySourceLocations = '{}', propertySourceProperties = '{}', contextCustomizers = set[[empty]], contextLoader = 'org.springframework.test.context.support.DelegatingSmartContextLoader', parent = [null]]]
2024-11-01 17:25:22 [main] DEBUG org.springframework.test.context.cache - Spring test ApplicationContext cache statistics: [DefaultContextCache@4b4dd216 size = 1, maxSize = 32, parentContextCount = 0, hitCount = 1, missCount = 1]
2024-11-01 17:25:22 [main] DEBUG org.springframework.test.context.support.AbstractDirtiesContextTestExecutionListener - Before test method: context [DefaultTestContext@1cdc4c27 testClass = DatabaseConnectionTest, testInstance = com.office.library.DatabaseConnectionTest@9ef8eb7, testMethod = testDatabaseConnection@DatabaseConnectionTest, testException = [null], mergedContextConfiguration = [MergedContextConfiguration@77b14724 testClass = DatabaseConnectionTest, locations = '{file:src/main/webapp/WEB-INF/spring/jdbc-context.xml}', classes = '{}', contextInitializerClasses = '[]', activeProfiles = '{}', propertySourceLocations = '{}', propertySourceProperties = '{}', contextCustomizers = set[[empty]], contextLoader = 'org.springframework.test.context.support.DelegatingSmartContextLoader', parent = [null]], attributes = map['org.springframework.test.context.event.ApplicationEventsTestExecutionListener.recordApplicationEvents' -> false]], class annotated with @DirtiesContext [false] with mode [null], method annotated with @DirtiesContext [false] with mode [null].
2024-11-01 17:25:22 [main] DEBUG org.springframework.test.context.cache.DefaultCacheAwareContextLoaderDelegate - Retrieved ApplicationContext [743778731] from cache with key [[MergedContextConfiguration@77b14724 testClass = DatabaseConnectionTest, locations = '{file:src/main/webapp/WEB-INF/spring/jdbc-context.xml}', classes = '{}', contextInitializerClasses = '[]', activeProfiles = '{}', propertySourceLocations = '{}', propertySourceProperties = '{}', contextCustomizers = set[[empty]], contextLoader = 'org.springframework.test.context.support.DelegatingSmartContextLoader', parent = [null]]]
2024-11-01 17:25:22 [main] DEBUG org.springframework.test.context.cache - Spring test ApplicationContext cache statistics: [DefaultContextCache@4b4dd216 size = 1, maxSize = 32, parentContextCount = 0, hitCount = 2, missCount = 1]
2024-11-01 17:25:22 [main] DEBUG org.springframework.test.context.cache.DefaultCacheAwareContextLoaderDelegate - Retrieved ApplicationContext [743778731] from cache with key [[MergedContextConfiguration@77b14724 testClass = DatabaseConnectionTest, locations = '{file:src/main/webapp/WEB-INF/spring/jdbc-context.xml}', classes = '{}', contextInitializerClasses = '[]', activeProfiles = '{}', propertySourceLocations = '{}', propertySourceProperties = '{}', contextCustomizers = set[[empty]], contextLoader = 'org.springframework.test.context.support.DelegatingSmartContextLoader', parent = [null]]]
2024-11-01 17:25:22 [main] DEBUG org.springframework.test.context.cache - Spring test ApplicationContext cache statistics: [DefaultContextCache@4b4dd216 size = 1, maxSize = 32, parentContextCount = 0, hitCount = 3, missCount = 1]
2024-11-01 17:25:22 [main] DEBUG org.springframework.jdbc.core.JdbcTemplate - Executing SQL query [SELECT 1]
2024-11-01 17:25:22 [main] DEBUG org.springframework.jdbc.datasource.DataSourceUtils - Fetching JDBC Connection from DataSource
2024-11-01 17:25:22 [main] DEBUG org.springframework.jdbc.datasource.DriverManagerDataSource - Creating new JDBC DriverManager Connection to [jdbc:mariadb://127.0.0.1:3306/kmove1]
2024-11-01 17:25:22 [main] DEBUG org.mariadb.jdbc.client.impl.StandardClient - execute query: SELECT 1
2024-11-01 17:25:22 [main] DEBUG org.springframework.test.context.cache.DefaultCacheAwareContextLoaderDelegate - Retrieved ApplicationContext [743778731] from cache with key [[MergedContextConfiguration@77b14724 testClass = DatabaseConnectionTest, locations = '{file:src/main/webapp/WEB-INF/spring/jdbc-context.xml}', classes = '{}', contextInitializerClasses = '[]', activeProfiles = '{}', propertySourceLocations = '{}', propertySourceProperties = '{}', contextCustomizers = set[[empty]], contextLoader = 'org.springframework.test.context.support.DelegatingSmartContextLoader', parent = [null]]]
2024-11-01 17:25:22 [main] DEBUG org.springframework.test.context.cache - Spring test ApplicationContext cache statistics: [DefaultContextCache@4b4dd216 size = 1, maxSize = 32, parentContextCount = 0, hitCount = 4, missCount = 1]
2024-11-01 17:25:22 [main] DEBUG org.springframework.test.context.cache.DefaultCacheAwareContextLoaderDelegate - Retrieved ApplicationContext [743778731] from cache with key [[MergedContextConfiguration@77b14724 testClass = DatabaseConnectionTest, locations = '{file:src/main/webapp/WEB-INF/spring/jdbc-context.xml}', classes = '{}', contextInitializerClasses = '[]', activeProfiles = '{}', propertySourceLocations = '{}', propertySourceProperties = '{}', contextCustomizers = set[[empty]], contextLoader = 'org.springframework.test.context.support.DelegatingSmartContextLoader', parent = [null]]]
2024-11-01 17:25:22 [main] DEBUG org.springframework.test.context.cache - Spring test ApplicationContext cache statistics: [DefaultContextCache@4b4dd216 size = 1, maxSize = 32, parentContextCount = 0, hitCount = 5, missCount = 1]
2024-11-01 17:25:22 [main] DEBUG org.springframework.test.context.support.AbstractDirtiesContextTestExecutionListener - After test method: context [DefaultTestContext@1cdc4c27 testClass = DatabaseConnectionTest, testInstance = com.office.library.DatabaseConnectionTest@9ef8eb7, testMethod = testDatabaseConnection@DatabaseConnectionTest, testException = [null], mergedContextConfiguration = [MergedContextConfiguration@77b14724 testClass = DatabaseConnectionTest, locations = '{file:src/main/webapp/WEB-INF/spring/jdbc-context.xml}', classes = '{}', contextInitializerClasses = '[]', activeProfiles = '{}', propertySourceLocations = '{}', propertySourceProperties = '{}', contextCustomizers = set[[empty]], contextLoader = 'org.springframework.test.context.support.DelegatingSmartContextLoader', parent = [null]], attributes = map['org.springframework.test.context.event.ApplicationEventsTestExecutionListener.recordApplicationEvents' -> false]], class annotated with @DirtiesContext [false] with mode [null], method annotated with @DirtiesContext [false] with mode [null].
]]></system-out>
  </testcase>
</testsuite>